<?xml version="1.0" encoding="UTF-8"?>
<testng-results ignored="0" total="5" passed="5" failed="0" skipped="0">
  <reporter-output>
  </reporter-output>
  <suite started-at="2022-07-30T14:49:40 IST" name="Suite" finished-at="2022-07-30T14:49:40 IST" duration-ms="92">
    <groups>
    </groups>
    <test started-at="2022-07-30T14:49:40 IST" name="Test" finished-at="2022-07-30T14:49:40 IST" duration-ms="36">
      <class name="opack.testFive">
        <test-method signature="classOne()[pri:0, instance:opack.testFive@3aefe5e5]" started-at="2022-07-30T14:49:40 IST" name="classOne" finished-at="2022-07-30T14:49:40 IST" duration-ms="1" status="PASS">
          <reporter-output>
          </reporter-output>
        </test-method> <!-- classOne -->
      </class> <!-- opack.testFive -->
      <class name="tpack.testTwo">
        <test-method signature="classTwo()[pri:0, instance:tpack.testTwo@3967e60c]" started-at="2022-07-30T14:49:40 IST" name="classTwo" finished-at="2022-07-30T14:49:40 IST" duration-ms="5" status="PASS">
          <reporter-output>
          </reporter-output>
        </test-method> <!-- classTwo -->
      </class> <!-- tpack.testTwo -->
      <class name="tpack.testThree">
        <test-method signature="classThree()[pri:0, instance:tpack.testThree@1184ab05]" started-at="2022-07-30T14:49:40 IST" name="classThree" finished-at="2022-07-30T14:49:40 IST" duration-ms="1" status="PASS">
          <reporter-output>
          </reporter-output>
        </test-method> <!-- classThree -->
      </class> <!-- tpack.testThree -->
    </test> <!-- Test -->
    <test started-at="2022-07-30T14:49:40 IST" name="Test4" finished-at="2022-07-30T14:49:40 IST" duration-ms="4">
      <class name="opack.testFour">
        <test-method signature="classThree()[pri:0, instance:opack.testFour@76508ed1]" started-at="2022-07-30T14:49:40 IST" name="classThree" finished-at="2022-07-30T14:49:40 IST" duration-ms="0" status="PASS">
          <reporter-output>
          </reporter-output>
        </test-method> <!-- classThree -->
      </class> <!-- opack.testFour -->
      <class name="tpack.testOne">
        <test-method signature="classOne()[pri:0, instance:tpack.testOne@41e36e46]" started-at="2022-07-30T14:49:40 IST" name="classOne" finished-at="2022-07-30T14:49:40 IST" duration-ms="1" status="PASS">
          <reporter-output>
          </reporter-output>
        </test-method> <!-- classOne -->
      </class> <!-- tpack.testOne -->
    </test> <!-- Test4 -->
  </suite> <!-- Suite -->
</testng-results>
